<?xml version="1.0" encoding="UTF-8"?>
<!-- Generated by org.testng.reporters.JUnitReportReporter -->
<testsuite hostname="LAPTOP-J6JSJEKO" failures="0" tests="1" name="testRunner.TestRunner" time="4.572" errors="0" timestamp="2021-10-04T17:38:52 IST" skipped="0">
  <testcase classname="testRunner.TestRunner" name="runScenario" time="4.572"/>
  <system-out/>
</testsuite> <!-- testRunner.TestRunner -->
